Loaded 3621 samples from data/npy/CT_Abd
[Epoch 0] Loss: 0.0921 | Dice: 0.8977
--- Per‑organ Dice ---
liver          : 0.9095
right_kidney   : 0.9206
spleen         : 0.9254
pancreas       : 0.8237
aorta          : 0.9119
IVC            : 0.9061
right_adrenal  : 0.8354
left_adrenal   : 0.8470
gallbladder    : 0.8397
esophagus      : 0.8750
stomach        : 0.8532
duodenum       : N/A
left_kidney    : 0.9242
-----------------------
[Epoch 1] Loss: 0.0706 | Dice: 0.9219
--- Per‑organ Dice ---
liver          : 0.9391
right_kidney   : 0.9413
spleen         : 0.9552
pancreas       : 0.8345
aorta          : 0.9305
IVC            : 0.9227
right_adrenal  : 0.8761
left_adrenal   : 0.8817
gallbladder    : 0.9017
esophagus      : 0.9077
stomach        : 0.8971
duodenum       : N/A
left_kidney    : 0.9420
-----------------------
[Epoch 2] Loss: 0.0628 | Dice: 0.9300
--- Per‑organ Dice ---
liver          : 0.9460
right_kidney   : 0.9479
spleen         : 0.9523
pancreas       : 0.8444
aorta          : 0.9404
IVC            : 0.9280
right_adrenal  : 0.8864
left_adrenal   : 0.9033
gallbladder    : 0.9093
esophagus      : 0.9166
stomach        : 0.9135
duodenum       : N/A
left_kidney    : 0.9481
-----------------------
[Epoch 3] Loss: 0.0588 | Dice: 0.9347
--- Per‑organ Dice ---
liver          : 0.9529
right_kidney   : 0.9496
spleen         : 0.9554
pancreas       : 0.8656
aorta          : 0.9418
IVC            : 0.9341
right_adrenal  : 0.8862
left_adrenal   : 0.8892
gallbladder    : 0.9223
esophagus      : 0.9250
stomach        : 0.9171
duodenum       : N/A
left_kidney    : 0.9534
-----------------------
[Epoch 4] Loss: 0.0611 | Dice: 0.9326
--- Per‑organ Dice ---
liver          : 0.9490
right_kidney   : 0.9449
spleen         : 0.9570
pancreas       : 0.8567
aorta          : 0.9397
IVC            : 0.9317
right_adrenal  : 0.8964
left_adrenal   : 0.8851
gallbladder    : 0.9050
esophagus      : 0.9264
stomach        : 0.9193
duodenum       : N/A
left_kidney    : 0.9477
-----------------------
[Epoch 5] Loss: 0.0543 | Dice: 0.9396
--- Per‑organ Dice ---
liver          : 0.9561
right_kidney   : 0.9529
spleen         : 0.9577
pancreas       : 0.8694
aorta          : 0.9477
IVC            : 0.9393
right_adrenal  : 0.9062
left_adrenal   : 0.8966
gallbladder    : 0.9258
esophagus      : 0.9277
stomach        : 0.9324
duodenum       : N/A
left_kidney    : 0.9525
-----------------------
[Epoch 6] Loss: 0.0553 | Dice: 0.9370
--- Per‑organ Dice ---
liver          : 0.9560
right_kidney   : 0.9523
spleen         : 0.9567
pancreas       : 0.8613
aorta          : 0.9459
IVC            : 0.9354
right_adrenal  : 0.9361
left_adrenal   : 0.9266
gallbladder    : 0.9186
esophagus      : 0.9219
stomach        : 0.9241
duodenum       : N/A
left_kidney    : 0.9462
-----------------------
[Epoch 7] Loss: 0.0519 | Dice: 0.9423
--- Per‑organ Dice ---
liver          : 0.9597
right_kidney   : 0.9542
spleen         : 0.9657
pancreas       : 0.8723
aorta          : 0.9457
IVC            : 0.9422
right_adrenal  : 0.9042
left_adrenal   : 0.9169
gallbladder    : 0.9259
esophagus      : 0.9305
stomach        : 0.9357
duodenum       : N/A
left_kidney    : 0.9551
-----------------------
